[25-Nov-2020 22:35:50 America/Sao_Paulo] PHP Warning:  preg_replace(): Unknown modifier '(' in C:\Users\breno.souza\Desktop\Azous\src\Routes\Routes.php on line 69
[25-Nov-2020 22:36:18 America/Sao_Paulo] PHP Warning:  preg_replace(): No ending delimiter '/' found in C:\Users\breno.souza\Desktop\Azous\src\Routes\Routes.php on line 69
[25-Nov-2020 22:36:27 America/Sao_Paulo] PHP Warning:  preg_replace(): Compilation failed: unmatched closing parenthesis at offset 5 in C:\Users\breno.souza\Desktop\Azous\src\Routes\Routes.php on line 69
[25-Nov-2020 22:36:35 America/Sao_Paulo] PHP Warning:  preg_replace(): Compilation failed: unrecognized character after (? or (?- at offset 2 in C:\Users\breno.souza\Desktop\Azous\src\Routes\Routes.php on line 69
[25-Nov-2020 22:36:47 America/Sao_Paulo] PHP Warning:  preg_replace(): Compilation failed: unrecognized character after (? or (?- at offset 2 in C:\Users\breno.souza\Desktop\Azous\src\Routes\Routes.php on line 69
[25-Nov-2020 22:42:27 America/Sao_Paulo] PHP Fatal error:  Uncaught Error: Class 'Azous\Routes\Route' not found in C:\Users\breno.souza\Desktop\Azous\index.php:12
Stack trace:
#0 {main}
  thrown in C:\Users\breno.souza\Desktop\Azous\index.php on line 12
[25-Nov-2020 22:42:50 America/Sao_Paulo] PHP Warning:  include(C:\Users\breno.souza\Desktop\Azous\src\Routes\Routes.php): failed to open stream: No such file or directory in C:\Users\breno.souza\Desktop\Azous\vendor\composer\ClassLoader.php on line 444
[25-Nov-2020 22:42:50 America/Sao_Paulo] PHP Warning:  include(): Failed opening 'C:\Users\breno.souza\Desktop\Azous\vendor\composer/../../src/Routes/Routes.php' for inclusion (include_path='.;C:\php\pear') in C:\Users\breno.souza\Desktop\Azous\vendor\composer\ClassLoader.php on line 444
[25-Nov-2020 22:42:50 America/Sao_Paulo] PHP Fatal error:  Uncaught Error: Class 'Azous\Routes\Routes' not found in C:\Users\breno.souza\Desktop\Azous\index.php:39
Stack trace:
#0 {main}
  thrown in C:\Users\breno.souza\Desktop\Azous\index.php on line 39
[25-Nov-2020 22:43:43 America/Sao_Paulo] PHP Fatal error:  Uncaught Error: Class 'Azous\Routes\Routes' not found in C:\Users\breno.souza\Desktop\Azous\index.php:39
Stack trace:
#0 {main}
  thrown in C:\Users\breno.souza\Desktop\Azous\index.php on line 39
[25-Nov-2020 22:43:44 America/Sao_Paulo] PHP Fatal error:  Uncaught Error: Class 'Azous\Routes\Routes' not found in C:\Users\breno.souza\Desktop\Azous\index.php:39
Stack trace:
#0 {main}
  thrown in C:\Users\breno.souza\Desktop\Azous\index.php on line 39
[25-Nov-2020 22:45:10 America/Sao_Paulo] PHP Notice:  Undefined index: sufix in C:\Users\breno.souza\Desktop\Azous\src\Routes\Route.php on line 77
[25-Nov-2020 22:52:00 America/Sao_Paulo] PHP Fatal error:  Uncaught Error: Call to a member function getRoute() on null in C:\Users\breno.souza\Desktop\Azous\src\Routes\Route.php:69
Stack trace:
#0 C:\Users\breno.souza\Desktop\Azous\index.php(37): Azous\Routes\Route::group()
#1 {main}
  thrown in C:\Users\breno.souza\Desktop\Azous\src\Routes\Route.php on line 69
[25-Nov-2020 22:53:18 America/Sao_Paulo] PHP Fatal error:  Uncaught Error: Call to a member function getRoute() on null in C:\Users\breno.souza\Desktop\Azous\src\Routes\Route.php:69
Stack trace:
#0 C:\Users\breno.souza\Desktop\Azous\index.php(37): Azous\Routes\Route::group()
#1 {main}
  thrown in C:\Users\breno.souza\Desktop\Azous\src\Routes\Route.php on line 69
[25-Nov-2020 22:53:27 America/Sao_Paulo] PHP Notice:  Trying to get property 'route' of non-object in C:\Users\breno.souza\Desktop\Azous\src\Routes\Route.php on line 69
[25-Nov-2020 22:53:27 America/Sao_Paulo] PHP Fatal error:  Uncaught Error: Call to a member function setRoute() on null in C:\Users\breno.souza\Desktop\Azous\src\Routes\Route.php:73
Stack trace:
#0 C:\Users\breno.souza\Desktop\Azous\index.php(37): Azous\Routes\Route::group()
#1 {main}
  thrown in C:\Users\breno.souza\Desktop\Azous\src\Routes\Route.php on line 73
[25-Nov-2020 22:58:51 America/Sao_Paulo] PHP Notice:  Undefined variable: params in C:\Users\breno.souza\Desktop\Azous\src\Routes\Route.php on line 87
[25-Nov-2020 22:58:51 America/Sao_Paulo] PHP Notice:  Trying to access array offset on value of type null in C:\Users\breno.souza\Desktop\Azous\src\Routes\Route.php on line 87
[25-Nov-2020 22:58:51 America/Sao_Paulo] PHP Notice:  Undefined variable: params in C:\Users\breno.souza\Desktop\Azous\src\Routes\Route.php on line 87
[25-Nov-2020 22:58:51 America/Sao_Paulo] PHP Notice:  Trying to access array offset on value of type null in C:\Users\breno.souza\Desktop\Azous\src\Routes\Route.php on line 87
[25-Nov-2020 22:58:51 America/Sao_Paulo] PHP Notice:  Undefined variable: params in C:\Users\breno.souza\Desktop\Azous\src\Routes\Route.php on line 87
[25-Nov-2020 22:58:51 America/Sao_Paulo] PHP Notice:  Trying to access array offset on value of type null in C:\Users\breno.souza\Desktop\Azous\src\Routes\Route.php on line 87
[25-Nov-2020 22:58:51 America/Sao_Paulo] PHP Notice:  Undefined variable: params in C:\Users\breno.souza\Desktop\Azous\src\Routes\Route.php on line 87
[25-Nov-2020 22:58:51 America/Sao_Paulo] PHP Notice:  Trying to access array offset on value of type null in C:\Users\breno.souza\Desktop\Azous\src\Routes\Route.php on line 87
[25-Nov-2020 22:58:51 America/Sao_Paulo] PHP Notice:  Undefined variable: params in C:\Users\breno.souza\Desktop\Azous\src\Routes\Route.php on line 87
[25-Nov-2020 22:58:51 America/Sao_Paulo] PHP Notice:  Trying to access array offset on value of type null in C:\Users\breno.souza\Desktop\Azous\src\Routes\Route.php on line 87
[25-Nov-2020 22:58:51 America/Sao_Paulo] PHP Notice:  Undefined variable: params in C:\Users\breno.souza\Desktop\Azous\src\Routes\Route.php on line 87
[25-Nov-2020 22:58:51 America/Sao_Paulo] PHP Notice:  Trying to access array offset on value of type null in C:\Users\breno.souza\Desktop\Azous\src\Routes\Route.php on line 87
[25-Nov-2020 23:05:55 America/Sao_Paulo] PHP Notice:  Undefined variable: routes in C:\Users\breno.souza\Desktop\Azous\src\Routes\Route.php on line 104
[25-Nov-2020 23:05:55 America/Sao_Paulo] PHP Warning:  Invalid argument supplied for foreach() in C:\Users\breno.souza\Desktop\Azous\src\Routes\Route.php on line 104
[25-Nov-2020 23:13:14 America/Sao_Paulo] PHP Parse error:  syntax error, unexpected ')', expecting ']' in C:\Users\breno.souza\Desktop\Azous\index.php on line 42
[25-Nov-2020 23:16:16 America/Sao_Paulo] PHP Notice:  Undefined variable: sufix in C:\Users\breno.souza\Desktop\Azous\src\Routes\Route.php on line 83
[25-Nov-2020 23:16:16 America/Sao_Paulo] PHP Fatal error:  Uncaught TypeError: Argument 1 passed to Azous\Routes\Route::prefix() must be of the type string, null given, called in C:\Users\breno.souza\Desktop\Azous\src\Routes\Route.php on line 83 and defined in C:\Users\breno.souza\Desktop\Azous\src\Routes\Route.php:94
Stack trace:
#0 C:\Users\breno.souza\Desktop\Azous\src\Routes\Route.php(83): Azous\Routes\Route::prefix()
#1 C:\Users\breno.souza\Desktop\Azous\src\Routes\Route.php(72): Azous\Routes\Route::prefixGroup()
#2 C:\Users\breno.souza\Desktop\Azous\index.php(35): Azous\Routes\Route::group()
#3 {main}
  thrown in C:\Users\breno.souza\Desktop\Azous\src\Routes\Route.php on line 94
[25-Nov-2020 23:16:25 America/Sao_Paulo] PHP Fatal error:  Uncaught TypeError: Argument 2 passed to Azous\Routes\Route::prefix() must be of the type array, object given, called in C:\Users\breno.souza\Desktop\Azous\src\Routes\Route.php on line 83 and defined in C:\Users\breno.souza\Desktop\Azous\src\Routes\Route.php:94
Stack trace:
#0 C:\Users\breno.souza\Desktop\Azous\src\Routes\Route.php(83): Azous\Routes\Route::prefix()
#1 C:\Users\breno.souza\Desktop\Azous\src\Routes\Route.php(72): Azous\Routes\Route::prefixGroup()
#2 C:\Users\breno.souza\Desktop\Azous\index.php(35): Azous\Routes\Route::group()
#3 {main}
  thrown in C:\Users\breno.souza\Desktop\Azous\src\Routes\Route.php on line 94
[25-Nov-2020 23:16:45 America/Sao_Paulo] PHP Notice:  Undefined variable: routes in C:\Users\breno.souza\Desktop\Azous\src\Routes\Route.php on line 96
[25-Nov-2020 23:16:45 America/Sao_Paulo] PHP Warning:  Invalid argument supplied for foreach() in C:\Users\breno.souza\Desktop\Azous\src\Routes\Route.php on line 96
[25-Nov-2020 23:16:45 America/Sao_Paulo] PHP Notice:  Undefined variable: routes in C:\Users\breno.souza\Desktop\Azous\src\Routes\Route.php on line 96
[25-Nov-2020 23:16:45 America/Sao_Paulo] PHP Warning:  Invalid argument supplied for foreach() in C:\Users\breno.souza\Desktop\Azous\src\Routes\Route.php on line 96
[25-Nov-2020 23:16:45 America/Sao_Paulo] PHP Notice:  Undefined variable: routes in C:\Users\breno.souza\Desktop\Azous\src\Routes\Route.php on line 96
[25-Nov-2020 23:16:45 America/Sao_Paulo] PHP Warning:  Invalid argument supplied for foreach() in C:\Users\breno.souza\Desktop\Azous\src\Routes\Route.php on line 96
[25-Nov-2020 23:16:45 America/Sao_Paulo] PHP Notice:  Undefined variable: routes in C:\Users\breno.souza\Desktop\Azous\src\Routes\Route.php on line 96
[25-Nov-2020 23:16:45 America/Sao_Paulo] PHP Warning:  Invalid argument supplied for foreach() in C:\Users\breno.souza\Desktop\Azous\src\Routes\Route.php on line 96
[25-Nov-2020 23:22:41 America/Sao_Paulo] PHP Warning:  in_array() expects parameter 2 to be array, string given in C:\Users\breno.souza\Desktop\Azous\src\Routes\BaseRoute.php on line 186
[25-Nov-2020 23:24:19 America/Sao_Paulo] PHP Warning:  in_array() expects parameter 2 to be array, int given in C:\Users\breno.souza\Desktop\Azous\src\Routes\BaseRoute.php on line 186
[25-Nov-2020 23:24:43 America/Sao_Paulo] PHP Warning:  in_array() expects parameter 2 to be array, int given in C:\Users\breno.souza\Desktop\Azous\src\Routes\BaseRoute.php on line 186
